[2017-04-27 11:34:41,795] INFO [Controller 0]: Controller starting up (kafka.controller.KafkaController)
[2017-04-27 11:34:41,891] INFO [Controller 0]: Broker 0 starting become controller state transition (kafka.controller.KafkaController)
[2017-04-27 11:34:41,901] INFO [Controller 0]: Controller 0 incremented epoch to 1 (kafka.controller.KafkaController)
[2017-04-27 11:34:41,903] DEBUG [Controller 0]: Registering IsrChangeNotificationListener (kafka.controller.KafkaController)
[2017-04-27 11:34:41,932] INFO [Controller 0]: Partitions undergoing preferred replica election:  (kafka.controller.KafkaController)
[2017-04-27 11:34:41,933] INFO [Controller 0]: Partitions that completed preferred replica election:  (kafka.controller.KafkaController)
[2017-04-27 11:34:41,934] INFO [Controller 0]: Resuming preferred replica election for partitions:  (kafka.controller.KafkaController)
[2017-04-27 11:34:41,938] INFO [Controller 0]: Partitions being reassigned: Map() (kafka.controller.KafkaController)
[2017-04-27 11:34:41,939] INFO [Controller 0]: Partitions already reassigned: List() (kafka.controller.KafkaController)
[2017-04-27 11:34:41,941] INFO [Controller 0]: Resuming reassignment of partitions: Map() (kafka.controller.KafkaController)
[2017-04-27 11:34:41,951] INFO [Controller 0]: List of topics to be deleted:  (kafka.controller.KafkaController)
[2017-04-27 11:34:41,951] INFO [Controller 0]: List of topics ineligible for deletion:  (kafka.controller.KafkaController)
[2017-04-27 11:34:41,957] INFO [Controller 0]: Currently active brokers in the cluster: Set() (kafka.controller.KafkaController)
[2017-04-27 11:34:41,957] INFO [Controller 0]: Currently shutting brokers in the cluster: Set() (kafka.controller.KafkaController)
[2017-04-27 11:34:41,958] INFO [Controller 0]: Current list of topics in the cluster: Set() (kafka.controller.KafkaController)
[2017-04-27 11:34:41,971] INFO [Replica state machine on controller 0]: Started replica state machine with initial state -> Map() (kafka.controller.ReplicaStateMachine)
[2017-04-27 11:34:41,990] INFO [Partition state machine on Controller 0]: Started partition state machine with initial state -> Map() (kafka.controller.PartitionStateMachine)
[2017-04-27 11:34:41,992] INFO [Controller 0]: Broker 0 is ready to serve as the new controller with epoch 1 (kafka.controller.KafkaController)
[2017-04-27 11:34:41,995] INFO [Controller 0]: Starting preferred replica leader election for partitions  (kafka.controller.KafkaController)
[2017-04-27 11:34:41,999] INFO [Partition state machine on Controller 0]: Invoking state change to OnlinePartition for partitions  (kafka.controller.PartitionStateMachine)
[2017-04-27 11:34:42,012] INFO [Controller 0]: starting the partition rebalance scheduler (kafka.controller.KafkaController)
[2017-04-27 11:34:42,013] INFO [Controller 0]: Controller startup complete (kafka.controller.KafkaController)
[2017-04-27 11:34:42,227] INFO [BrokerChangeListener on Controller 0]: Broker change listener fired for path /brokers/ids with children 0 (kafka.controller.ReplicaStateMachine$BrokerChangeListener)
[2017-04-27 11:34:42,290] INFO [BrokerChangeListener on Controller 0]: Newly added brokers: 0, deleted brokers: , all live brokers: 0 (kafka.controller.ReplicaStateMachine$BrokerChangeListener)
[2017-04-27 11:34:42,292] DEBUG [Channel manager on controller 0]: Controller 0 trying to connect to broker 0 (kafka.controller.ControllerChannelManager)
[2017-04-27 11:34:42,311] INFO [Controller-0-to-broker-0-send-thread], Starting  (kafka.controller.RequestSendThread)
[2017-04-27 11:34:42,313] INFO [Controller 0]: New broker startup callback for 0 (kafka.controller.KafkaController)
[2017-04-27 11:34:42,358] INFO [Controller-0-to-broker-0-send-thread], Controller 0 connected to dhcp-173-226.vub.ac.be:9092 (id: 0 rack: null) for sending state change requests (kafka.controller.RequestSendThread)
[2017-04-27 11:34:47,019] TRACE [Controller 0]: checking need to trigger partition rebalance (kafka.controller.KafkaController)
[2017-04-27 11:34:47,021] DEBUG [Controller 0]: preferred replicas by broker Map() (kafka.controller.KafkaController)
[2017-04-27 11:36:28,349] INFO [Controller 0]: Shutting down broker 0 (kafka.controller.KafkaController)
[2017-04-27 11:36:28,350] DEBUG [Controller 0]: All shutting down brokers: 0 (kafka.controller.KafkaController)
[2017-04-27 11:36:28,351] DEBUG [Controller 0]: Live brokers:  (kafka.controller.KafkaController)
[2017-04-27 11:36:28,353] TRACE [Controller 0]: All leaders =  (kafka.controller.KafkaController)
[2017-04-27 11:36:31,055] DEBUG [Controller 0]: Controller resigning, broker id 0 (kafka.controller.KafkaController)
[2017-04-27 11:36:31,056] DEBUG [Controller 0]: De-registering IsrChangeNotificationListener (kafka.controller.KafkaController)
[2017-04-27 11:36:31,058] INFO [Partition state machine on Controller 0]: Stopped partition state machine (kafka.controller.PartitionStateMachine)
[2017-04-27 11:36:31,058] INFO [Replica state machine on controller 0]: Stopped replica state machine (kafka.controller.ReplicaStateMachine)
[2017-04-27 11:36:31,061] INFO [Controller-0-to-broker-0-send-thread], Shutting down (kafka.controller.RequestSendThread)
[2017-04-27 11:36:31,061] INFO [Controller-0-to-broker-0-send-thread], Stopped  (kafka.controller.RequestSendThread)
[2017-04-27 11:36:31,061] INFO [Controller-0-to-broker-0-send-thread], Shutdown completed (kafka.controller.RequestSendThread)
[2017-04-27 11:36:31,062] INFO [Controller 0]: Broker 0 resigned as the controller (kafka.controller.KafkaController)
[2017-04-27 11:49:41,059] INFO [Controller 0]: Controller starting up (kafka.controller.KafkaController)
[2017-04-27 11:49:41,122] INFO [Controller 0]: Broker 0 starting become controller state transition (kafka.controller.KafkaController)
[2017-04-27 11:49:41,130] INFO [Controller 0]: Controller 0 incremented epoch to 1 (kafka.controller.KafkaController)
[2017-04-27 11:49:41,131] DEBUG [Controller 0]: Registering IsrChangeNotificationListener (kafka.controller.KafkaController)
[2017-04-27 11:49:41,153] INFO [Controller 0]: Partitions undergoing preferred replica election:  (kafka.controller.KafkaController)
[2017-04-27 11:49:41,154] INFO [Controller 0]: Partitions that completed preferred replica election:  (kafka.controller.KafkaController)
[2017-04-27 11:49:41,155] INFO [Controller 0]: Resuming preferred replica election for partitions:  (kafka.controller.KafkaController)
[2017-04-27 11:49:41,163] INFO [Controller 0]: Partitions being reassigned: Map() (kafka.controller.KafkaController)
[2017-04-27 11:49:41,163] INFO [Controller 0]: Partitions already reassigned: List() (kafka.controller.KafkaController)
[2017-04-27 11:49:41,165] INFO [Controller 0]: Resuming reassignment of partitions: Map() (kafka.controller.KafkaController)
[2017-04-27 11:49:41,169] INFO [Controller 0]: List of topics to be deleted:  (kafka.controller.KafkaController)
[2017-04-27 11:49:41,170] INFO [Controller 0]: List of topics ineligible for deletion:  (kafka.controller.KafkaController)
[2017-04-27 11:49:41,175] INFO [Controller 0]: Currently active brokers in the cluster: Set() (kafka.controller.KafkaController)
[2017-04-27 11:49:41,176] INFO [Controller 0]: Currently shutting brokers in the cluster: Set() (kafka.controller.KafkaController)
[2017-04-27 11:49:41,176] INFO [Controller 0]: Current list of topics in the cluster: Set() (kafka.controller.KafkaController)
[2017-04-27 11:49:41,184] INFO [Replica state machine on controller 0]: Started replica state machine with initial state -> Map() (kafka.controller.ReplicaStateMachine)
[2017-04-27 11:49:41,199] INFO [Partition state machine on Controller 0]: Started partition state machine with initial state -> Map() (kafka.controller.PartitionStateMachine)
[2017-04-27 11:49:41,200] INFO [Controller 0]: Broker 0 is ready to serve as the new controller with epoch 1 (kafka.controller.KafkaController)
[2017-04-27 11:49:41,204] INFO [Controller 0]: Starting preferred replica leader election for partitions  (kafka.controller.KafkaController)
[2017-04-27 11:49:41,206] INFO [Partition state machine on Controller 0]: Invoking state change to OnlinePartition for partitions  (kafka.controller.PartitionStateMachine)
[2017-04-27 11:49:41,214] INFO [Controller 0]: starting the partition rebalance scheduler (kafka.controller.KafkaController)
[2017-04-27 11:49:41,215] INFO [Controller 0]: Controller startup complete (kafka.controller.KafkaController)
[2017-04-27 11:49:41,383] INFO [BrokerChangeListener on Controller 0]: Broker change listener fired for path /brokers/ids with children 0 (kafka.controller.ReplicaStateMachine$BrokerChangeListener)
[2017-04-27 11:49:41,450] INFO [BrokerChangeListener on Controller 0]: Newly added brokers: 0, deleted brokers: , all live brokers: 0 (kafka.controller.ReplicaStateMachine$BrokerChangeListener)
[2017-04-27 11:49:41,454] DEBUG [Channel manager on controller 0]: Controller 0 trying to connect to broker 0 (kafka.controller.ControllerChannelManager)
[2017-04-27 11:49:41,469] INFO [Controller-0-to-broker-0-send-thread], Starting  (kafka.controller.RequestSendThread)
[2017-04-27 11:49:41,470] INFO [Controller 0]: New broker startup callback for 0 (kafka.controller.KafkaController)
[2017-04-27 11:49:41,557] INFO [Controller-0-to-broker-0-send-thread], Controller 0 connected to dhcp-173-226.vub.ac.be:9092 (id: 0 rack: null) for sending state change requests (kafka.controller.RequestSendThread)
[2017-04-27 11:49:46,217] TRACE [Controller 0]: checking need to trigger partition rebalance (kafka.controller.KafkaController)
[2017-04-27 11:49:46,219] DEBUG [Controller 0]: preferred replicas by broker Map() (kafka.controller.KafkaController)
[2017-04-27 11:50:56,053] INFO [Controller 0]: Shutting down broker 0 (kafka.controller.KafkaController)
[2017-04-27 11:50:56,055] DEBUG [Controller 0]: All shutting down brokers: 0 (kafka.controller.KafkaController)
[2017-04-27 11:50:56,055] DEBUG [Controller 0]: Live brokers:  (kafka.controller.KafkaController)
[2017-04-27 11:50:56,058] TRACE [Controller 0]: All leaders =  (kafka.controller.KafkaController)
[2017-04-27 11:50:58,084] DEBUG [Controller 0]: Controller resigning, broker id 0 (kafka.controller.KafkaController)
[2017-04-27 11:50:58,084] DEBUG [Controller 0]: De-registering IsrChangeNotificationListener (kafka.controller.KafkaController)
[2017-04-27 11:50:58,086] INFO [Partition state machine on Controller 0]: Stopped partition state machine (kafka.controller.PartitionStateMachine)
[2017-04-27 11:50:58,087] INFO [Replica state machine on controller 0]: Stopped replica state machine (kafka.controller.ReplicaStateMachine)
[2017-04-27 11:50:58,089] INFO [Controller-0-to-broker-0-send-thread], Shutting down (kafka.controller.RequestSendThread)
[2017-04-27 11:50:58,089] INFO [Controller-0-to-broker-0-send-thread], Stopped  (kafka.controller.RequestSendThread)
[2017-04-27 11:50:58,089] INFO [Controller-0-to-broker-0-send-thread], Shutdown completed (kafka.controller.RequestSendThread)
[2017-04-27 11:50:58,090] INFO [Controller 0]: Broker 0 resigned as the controller (kafka.controller.KafkaController)
[2017-04-27 11:52:03,971] INFO [Controller 0]: Controller starting up (kafka.controller.KafkaController)
[2017-04-27 11:52:04,023] INFO [Controller 0]: Broker 0 starting become controller state transition (kafka.controller.KafkaController)
[2017-04-27 11:52:04,032] INFO [Controller 0]: Controller 0 incremented epoch to 1 (kafka.controller.KafkaController)
[2017-04-27 11:52:04,033] DEBUG [Controller 0]: Registering IsrChangeNotificationListener (kafka.controller.KafkaController)
[2017-04-27 11:52:04,053] INFO [Controller 0]: Partitions undergoing preferred replica election:  (kafka.controller.KafkaController)
[2017-04-27 11:52:04,054] INFO [Controller 0]: Partitions that completed preferred replica election:  (kafka.controller.KafkaController)
[2017-04-27 11:52:04,055] INFO [Controller 0]: Resuming preferred replica election for partitions:  (kafka.controller.KafkaController)
[2017-04-27 11:52:04,059] INFO [Controller 0]: Partitions being reassigned: Map() (kafka.controller.KafkaController)
[2017-04-27 11:52:04,059] INFO [Controller 0]: Partitions already reassigned: List() (kafka.controller.KafkaController)
[2017-04-27 11:52:04,061] INFO [Controller 0]: Resuming reassignment of partitions: Map() (kafka.controller.KafkaController)
[2017-04-27 11:52:04,066] INFO [Controller 0]: List of topics to be deleted:  (kafka.controller.KafkaController)
[2017-04-27 11:52:04,066] INFO [Controller 0]: List of topics ineligible for deletion:  (kafka.controller.KafkaController)
[2017-04-27 11:52:04,071] INFO [Controller 0]: Currently active brokers in the cluster: Set() (kafka.controller.KafkaController)
[2017-04-27 11:52:04,071] INFO [Controller 0]: Currently shutting brokers in the cluster: Set() (kafka.controller.KafkaController)
[2017-04-27 11:52:04,072] INFO [Controller 0]: Current list of topics in the cluster: Set() (kafka.controller.KafkaController)
[2017-04-27 11:52:04,076] INFO [Replica state machine on controller 0]: Started replica state machine with initial state -> Map() (kafka.controller.ReplicaStateMachine)
[2017-04-27 11:52:04,083] INFO [Partition state machine on Controller 0]: Started partition state machine with initial state -> Map() (kafka.controller.PartitionStateMachine)
[2017-04-27 11:52:04,084] INFO [Controller 0]: Broker 0 is ready to serve as the new controller with epoch 1 (kafka.controller.KafkaController)
[2017-04-27 11:52:04,099] INFO [Controller 0]: Starting preferred replica leader election for partitions  (kafka.controller.KafkaController)
[2017-04-27 11:52:04,100] INFO [Partition state machine on Controller 0]: Invoking state change to OnlinePartition for partitions  (kafka.controller.PartitionStateMachine)
[2017-04-27 11:52:04,108] INFO [Controller 0]: starting the partition rebalance scheduler (kafka.controller.KafkaController)
[2017-04-27 11:52:04,109] INFO [Controller 0]: Controller startup complete (kafka.controller.KafkaController)
[2017-04-27 11:52:04,263] INFO [BrokerChangeListener on Controller 0]: Broker change listener fired for path /brokers/ids with children 0 (kafka.controller.ReplicaStateMachine$BrokerChangeListener)
[2017-04-27 11:52:04,315] INFO [BrokerChangeListener on Controller 0]: Newly added brokers: 0, deleted brokers: , all live brokers: 0 (kafka.controller.ReplicaStateMachine$BrokerChangeListener)
[2017-04-27 11:52:04,316] DEBUG [Channel manager on controller 0]: Controller 0 trying to connect to broker 0 (kafka.controller.ControllerChannelManager)
[2017-04-27 11:52:04,329] INFO [Controller-0-to-broker-0-send-thread], Starting  (kafka.controller.RequestSendThread)
[2017-04-27 11:52:04,330] INFO [Controller 0]: New broker startup callback for 0 (kafka.controller.KafkaController)
[2017-04-27 11:52:04,376] INFO [Controller-0-to-broker-0-send-thread], Controller 0 connected to dhcp-173-226.vub.ac.be:9092 (id: 0 rack: null) for sending state change requests (kafka.controller.RequestSendThread)
[2017-04-27 11:52:09,115] TRACE [Controller 0]: checking need to trigger partition rebalance (kafka.controller.KafkaController)
[2017-04-27 11:52:09,117] DEBUG [Controller 0]: preferred replicas by broker Map() (kafka.controller.KafkaController)
[2017-04-27 11:53:08,184] INFO [Controller 0]: Shutting down broker 0 (kafka.controller.KafkaController)
[2017-04-27 11:53:08,185] DEBUG [Controller 0]: All shutting down brokers: 0 (kafka.controller.KafkaController)
[2017-04-27 11:53:08,186] DEBUG [Controller 0]: Live brokers:  (kafka.controller.KafkaController)
[2017-04-27 11:53:08,188] TRACE [Controller 0]: All leaders =  (kafka.controller.KafkaController)
[2017-04-27 11:53:10,012] DEBUG [Controller 0]: Controller resigning, broker id 0 (kafka.controller.KafkaController)
[2017-04-27 11:53:10,012] DEBUG [Controller 0]: De-registering IsrChangeNotificationListener (kafka.controller.KafkaController)
[2017-04-27 11:53:10,014] INFO [Partition state machine on Controller 0]: Stopped partition state machine (kafka.controller.PartitionStateMachine)
[2017-04-27 11:53:10,015] INFO [Replica state machine on controller 0]: Stopped replica state machine (kafka.controller.ReplicaStateMachine)
[2017-04-27 11:53:10,016] INFO [Controller-0-to-broker-0-send-thread], Shutting down (kafka.controller.RequestSendThread)
[2017-04-27 11:53:10,017] INFO [Controller-0-to-broker-0-send-thread], Stopped  (kafka.controller.RequestSendThread)
[2017-04-27 11:53:10,017] INFO [Controller-0-to-broker-0-send-thread], Shutdown completed (kafka.controller.RequestSendThread)
[2017-04-27 11:53:10,018] INFO [Controller 0]: Broker 0 resigned as the controller (kafka.controller.KafkaController)
[2017-04-27 11:53:24,199] INFO [Controller 0]: Controller starting up (kafka.controller.KafkaController)
[2017-04-27 11:53:24,266] INFO [Controller 0]: Broker 0 starting become controller state transition (kafka.controller.KafkaController)
[2017-04-27 11:53:24,274] INFO [Controller 0]: Controller 0 incremented epoch to 1 (kafka.controller.KafkaController)
[2017-04-27 11:53:24,275] DEBUG [Controller 0]: Registering IsrChangeNotificationListener (kafka.controller.KafkaController)
[2017-04-27 11:53:24,296] INFO [Controller 0]: Partitions undergoing preferred replica election:  (kafka.controller.KafkaController)
[2017-04-27 11:53:24,297] INFO [Controller 0]: Partitions that completed preferred replica election:  (kafka.controller.KafkaController)
[2017-04-27 11:53:24,298] INFO [Controller 0]: Resuming preferred replica election for partitions:  (kafka.controller.KafkaController)
[2017-04-27 11:53:24,301] INFO [Controller 0]: Partitions being reassigned: Map() (kafka.controller.KafkaController)
[2017-04-27 11:53:24,302] INFO [Controller 0]: Partitions already reassigned: List() (kafka.controller.KafkaController)
[2017-04-27 11:53:24,303] INFO [Controller 0]: Resuming reassignment of partitions: Map() (kafka.controller.KafkaController)
[2017-04-27 11:53:24,307] INFO [Controller 0]: List of topics to be deleted:  (kafka.controller.KafkaController)
[2017-04-27 11:53:24,308] INFO [Controller 0]: List of topics ineligible for deletion:  (kafka.controller.KafkaController)
[2017-04-27 11:53:24,312] INFO [Controller 0]: Currently active brokers in the cluster: Set() (kafka.controller.KafkaController)
[2017-04-27 11:53:24,312] INFO [Controller 0]: Currently shutting brokers in the cluster: Set() (kafka.controller.KafkaController)
[2017-04-27 11:53:24,313] INFO [Controller 0]: Current list of topics in the cluster: Set() (kafka.controller.KafkaController)
[2017-04-27 11:53:24,319] INFO [Replica state machine on controller 0]: Started replica state machine with initial state -> Map() (kafka.controller.ReplicaStateMachine)
[2017-04-27 11:53:24,327] INFO [Partition state machine on Controller 0]: Started partition state machine with initial state -> Map() (kafka.controller.PartitionStateMachine)
[2017-04-27 11:53:24,328] INFO [Controller 0]: Broker 0 is ready to serve as the new controller with epoch 1 (kafka.controller.KafkaController)
[2017-04-27 11:53:24,330] INFO [Controller 0]: Starting preferred replica leader election for partitions  (kafka.controller.KafkaController)
[2017-04-27 11:53:24,331] INFO [Partition state machine on Controller 0]: Invoking state change to OnlinePartition for partitions  (kafka.controller.PartitionStateMachine)
[2017-04-27 11:53:24,337] INFO [Controller 0]: starting the partition rebalance scheduler (kafka.controller.KafkaController)
[2017-04-27 11:53:24,338] INFO [Controller 0]: Controller startup complete (kafka.controller.KafkaController)
[2017-04-27 11:53:24,492] INFO [BrokerChangeListener on Controller 0]: Broker change listener fired for path /brokers/ids with children 0 (kafka.controller.ReplicaStateMachine$BrokerChangeListener)
[2017-04-27 11:53:24,544] INFO [BrokerChangeListener on Controller 0]: Newly added brokers: 0, deleted brokers: , all live brokers: 0 (kafka.controller.ReplicaStateMachine$BrokerChangeListener)
[2017-04-27 11:53:24,545] DEBUG [Channel manager on controller 0]: Controller 0 trying to connect to broker 0 (kafka.controller.ControllerChannelManager)
[2017-04-27 11:53:24,556] INFO [Controller-0-to-broker-0-send-thread], Starting  (kafka.controller.RequestSendThread)
[2017-04-27 11:53:24,557] INFO [Controller 0]: New broker startup callback for 0 (kafka.controller.KafkaController)
[2017-04-27 11:53:24,591] INFO [Controller-0-to-broker-0-send-thread], Controller 0 connected to dhcp-173-226.vub.ac.be:9092 (id: 0 rack: null) for sending state change requests (kafka.controller.RequestSendThread)
[2017-04-27 11:53:29,343] TRACE [Controller 0]: checking need to trigger partition rebalance (kafka.controller.KafkaController)
[2017-04-27 11:53:29,349] DEBUG [Controller 0]: preferred replicas by broker Map() (kafka.controller.KafkaController)
[2017-04-27 11:54:01,931] INFO [Controller 0]: Shutting down broker 0 (kafka.controller.KafkaController)
[2017-04-27 11:54:01,937] DEBUG [Controller 0]: All shutting down brokers: 0 (kafka.controller.KafkaController)
[2017-04-27 11:54:01,937] DEBUG [Controller 0]: Live brokers:  (kafka.controller.KafkaController)
[2017-04-27 11:54:01,940] TRACE [Controller 0]: All leaders =  (kafka.controller.KafkaController)
[2017-04-27 11:54:03,321] DEBUG [Controller 0]: Controller resigning, broker id 0 (kafka.controller.KafkaController)
[2017-04-27 11:54:03,321] DEBUG [Controller 0]: De-registering IsrChangeNotificationListener (kafka.controller.KafkaController)
[2017-04-27 11:54:03,323] INFO [Partition state machine on Controller 0]: Stopped partition state machine (kafka.controller.PartitionStateMachine)
[2017-04-27 11:54:03,323] INFO [Replica state machine on controller 0]: Stopped replica state machine (kafka.controller.ReplicaStateMachine)
[2017-04-27 11:54:03,325] INFO [Controller-0-to-broker-0-send-thread], Shutting down (kafka.controller.RequestSendThread)
[2017-04-27 11:54:03,325] INFO [Controller-0-to-broker-0-send-thread], Stopped  (kafka.controller.RequestSendThread)
[2017-04-27 11:54:03,325] INFO [Controller-0-to-broker-0-send-thread], Shutdown completed (kafka.controller.RequestSendThread)
[2017-04-27 11:54:03,326] INFO [Controller 0]: Broker 0 resigned as the controller (kafka.controller.KafkaController)
