[2017-04-27 11:34:41,591] INFO Starting the log cleaner (kafka.log.LogCleaner)
[2017-04-27 11:34:41,593] INFO [kafka-log-cleaner-thread-0], Starting  (kafka.log.LogCleaner)
[2017-04-27 11:36:30,689] INFO Shutting down the log cleaner. (kafka.log.LogCleaner)
[2017-04-27 11:36:30,689] INFO [kafka-log-cleaner-thread-0], Shutting down (kafka.log.LogCleaner)
[2017-04-27 11:36:30,689] INFO [kafka-log-cleaner-thread-0], Stopped  (kafka.log.LogCleaner)
[2017-04-27 11:36:30,689] INFO [kafka-log-cleaner-thread-0], Shutdown completed (kafka.log.LogCleaner)
[2017-04-27 11:49:40,875] INFO Starting the log cleaner (kafka.log.LogCleaner)
[2017-04-27 11:49:40,877] INFO [kafka-log-cleaner-thread-0], Starting  (kafka.log.LogCleaner)
[2017-04-27 11:50:40,916] ERROR [kafka-log-cleaner-thread-0], Error due to  (kafka.log.LogCleaner)
java.io.FileNotFoundException: /Users/jorenjacob/Documents/1st Master/SoftProject/lagom/target/lagom-dynamic-projects/lagom-internal-meta-project-kafka/target/kafka_data/cleaner-offset-checkpoint (No such file or directory)
	at java.io.FileInputStream.open0(Native Method)
	at java.io.FileInputStream.open(FileInputStream.java:195)
	at java.io.FileInputStream.<init>(FileInputStream.java:138)
	at java.io.FileReader.<init>(FileReader.java:72)
	at kafka.server.OffsetCheckpoint.read(OffsetCheckpoint.scala:84)
	at kafka.log.LogCleanerManager$$anonfun$allCleanerCheckpoints$1.apply(LogCleanerManager.scala:71)
	at kafka.log.LogCleanerManager$$anonfun$allCleanerCheckpoints$1.apply(LogCleanerManager.scala:71)
	at scala.collection.TraversableLike$$anonfun$flatMap$1.apply(TraversableLike.scala:241)
	at scala.collection.TraversableLike$$anonfun$flatMap$1.apply(TraversableLike.scala:241)
	at scala.collection.Iterator$class.foreach(Iterator.scala:893)
	at scala.collection.AbstractIterator.foreach(Iterator.scala:1336)
	at scala.collection.MapLike$DefaultValuesIterable.foreach(MapLike.scala:206)
	at scala.collection.TraversableLike$class.flatMap(TraversableLike.scala:241)
	at scala.collection.AbstractTraversable.flatMap(Traversable.scala:104)
	at kafka.log.LogCleanerManager.allCleanerCheckpoints(LogCleanerManager.scala:71)
	at kafka.log.LogCleanerManager$$anonfun$grabFilthiestLog$1.apply(LogCleanerManager.scala:80)
	at kafka.log.LogCleanerManager$$anonfun$grabFilthiestLog$1.apply(LogCleanerManager.scala:79)
	at kafka.utils.CoreUtils$.inLock(CoreUtils.scala:231)
	at kafka.log.LogCleanerManager.grabFilthiestLog(LogCleanerManager.scala:79)
	at kafka.log.LogCleaner$CleanerThread.cleanOrSleep(LogCleaner.scala:229)
	at kafka.log.LogCleaner$CleanerThread.doWork(LogCleaner.scala:215)
	at kafka.utils.ShutdownableThread.run(ShutdownableThread.scala:63)
[2017-04-27 11:50:40,922] INFO [kafka-log-cleaner-thread-0], Stopped  (kafka.log.LogCleaner)
[2017-04-27 11:50:57,745] INFO Shutting down the log cleaner. (kafka.log.LogCleaner)
[2017-04-27 11:50:57,745] INFO [kafka-log-cleaner-thread-0], Shutting down (kafka.log.LogCleaner)
[2017-04-27 11:50:57,745] INFO [kafka-log-cleaner-thread-0], Shutdown completed (kafka.log.LogCleaner)
[2017-04-27 11:52:03,822] INFO Starting the log cleaner (kafka.log.LogCleaner)
[2017-04-27 11:52:03,824] INFO [kafka-log-cleaner-thread-0], Starting  (kafka.log.LogCleaner)
[2017-04-27 11:53:09,609] INFO Shutting down the log cleaner. (kafka.log.LogCleaner)
[2017-04-27 11:53:09,610] INFO [kafka-log-cleaner-thread-0], Shutting down (kafka.log.LogCleaner)
[2017-04-27 11:53:09,610] INFO [kafka-log-cleaner-thread-0], Stopped  (kafka.log.LogCleaner)
[2017-04-27 11:53:09,610] INFO [kafka-log-cleaner-thread-0], Shutdown completed (kafka.log.LogCleaner)
[2017-04-27 11:53:24,008] INFO Starting the log cleaner (kafka.log.LogCleaner)
[2017-04-27 11:53:24,016] INFO [kafka-log-cleaner-thread-0], Starting  (kafka.log.LogCleaner)
[2017-04-27 11:54:02,921] INFO Shutting down the log cleaner. (kafka.log.LogCleaner)
[2017-04-27 11:54:02,922] INFO [kafka-log-cleaner-thread-0], Shutting down (kafka.log.LogCleaner)
[2017-04-27 11:54:02,922] INFO [kafka-log-cleaner-thread-0], Shutdown completed (kafka.log.LogCleaner)
[2017-04-27 11:54:02,922] INFO [kafka-log-cleaner-thread-0], Stopped  (kafka.log.LogCleaner)
[2017-04-27 14:47:46,328] INFO Starting the log cleaner (kafka.log.LogCleaner)
[2017-04-27 14:47:46,382] INFO [kafka-log-cleaner-thread-0], Starting  (kafka.log.LogCleaner)
